<?xml version="1.0" encoding="UTF-8"?>
<testsuite name="com.test.UserRegistrationTest" tests="1" skipped="0" failures="0" errors="0" timestamp="2021-08-04T17:13:12" hostname="DESKTOP-EN6GUKD" time="0.128">
  <properties/>
  <testcase name="whenFirstNameIsEntered_ShouldStartWithAUpperCase_ShouldBeHaveMinimumThreeCharacters()" classname="com.test.UserRegistrationTest" time="0.128"/>
  <system-out><![CDATA[]]></system-out>
  <system-err><![CDATA[]]></system-err>
</testsuite>
